Drill report for Minilite64.kicad_pcb
Created on 2026-07-22T17:55:40

Copper Layer Stackup:
    =============================================================
    L1 :  F.Cu                      front
    L2 :  B.Cu                      back


Drill file 'Minilite64-PTH.drl' contains
    plated through holes:
    =============================================================
    T1  0.300mm  0.0118"  (113 holes))

    Total plated holes count 113


Drill file 'Minilite64-NPTH.drl' contains
    unplated through holes:
    =============================================================
    T1  1.900mm  0.0748"  (128 holes))
    T2  2.400mm  0.0945"  (2 holes))
    T3  2.700mm  0.1063"  (3 holes))
    T4  3.000mm  0.1181"  (128 holes))
    T5  4.100mm  0.1614"  (64 holes))

    Total unplated holes count 325
